<?xml version="1.0" encoding="UTF-8"?>
<!-- Generated by org.testng.reporters.JUnitReportReporter -->
<testsuite skipped="0" hostname="Lesias-Air.westell.com" name="InterviewWalletHub.InterviewTests.SignUp" tests="1" failures="0" timestamp="14 May 2021 05:55:27 GMT" time="3.954" errors="0">
  <testcase name="createLightUser" time="3.954" classname="InterviewWalletHub.InterviewTests.SignUp"/>
</testsuite> <!-- InterviewWalletHub.InterviewTests.SignUp -->
