<?xml version="1.0" encoding="UTF-8"?>
<!-- Generated by org.testng.reporters.JUnitReportReporter -->
<testsuite skipped="0" hostname="Lesias-Air.westell.com" name="InterviewWalletHub.InterviewTests.WriteReview" tests="1" failures="0" timestamp="14 May 2021 05:06:31 GMT" time="21.464" errors="0">
  <testcase name="logIn" time="21.464" classname="InterviewWalletHub.InterviewTests.WriteReview"/>
</testsuite> <!-- InterviewWalletHub.InterviewTests.WriteReview -->
